<?xml version="1.0" encoding="UTF-8"?>
<!-- Generated by org.testng.reporters.JUnitReportReporter -->
<testsuite hostname="DESKTOP-LVMHETU" failures="0" tests="1" name="TestNg.testcase1" time="8.631" errors="0" timestamp="2022-07-13T15:50:44 IST" skipped="0">
  <testcase classname="TestNg.testcase1" name="tc1" time="8.631"/>
  <system-out>
    <![CDATA[Facebook – log in or sign up
https://www.facebook.com/login/?privacy_mutation_token=eyJ0eXBlIjowLCJjcmVhdGlvbl90aW1lIjoxNjU3NzA3NjI2LCJjYWxsc2l0ZV9pZCI6MzgxMjI5MDc5NTc1OTQ2fQ%3D%3D]]>
  </system-out>
</testsuite> <!-- TestNg.testcase1 -->
