<?xml version="1.0" encoding="UTF-8"?>
<!-- Generated by org.testng.reporters.JUnitReportReporter -->
<testsuite hostname="DESKTOP-LVMHETU" failures="0" tests="1" name="TestNg.testcase3" time="11.225" errors="0" timestamp="2022-07-13T15:50:44 IST" skipped="0">
  <testcase classname="TestNg.testcase3" name="tc3" time="11.225"/>
  <system-out>
    <![CDATA[Log in to Facebook
https://www.facebook.com/login/?next=https%3A%2F%2Fwww.facebook.com%2Fpages%2Fcreate%2F%3Fref_type%3Dregistration_form]]>
  </system-out>
</testsuite> <!-- TestNg.testcase3 -->
